<?xml version="1.0" encoding="UTF-8"?>
<!-- Generated by org.testng.reporters.JUnitReportReporter -->
<testsuite hostname="LAPTOP-E9CDLBS7" failures="0" tests="1" name="com.lazada.testcases.SignInTest_002" time="0.147" errors="0" timestamp="2021-07-31T12:32:41 SGT" skipped="0">
  <testcase classname="com.lazada.testcases.SignInTest_002" name="SignIn" time="0.147"/>
  <system-out/>
</testsuite> <!-- com.lazada.testcases.SignInTest_002 -->
