<?xml version="1.0" encoding="UTF-8"?>
<!-- Generated by org.testng.reporters.JUnitReportReporter -->
<testsuite hostname="LAPTOP-E9CDLBS7" failures="0" tests="1" name="com.lazada.testcases.loginTest_001" time="2.803" errors="0" timestamp="2021-08-01T17:19:01 SGT" skipped="0">
  <testcase classname="com.lazada.testcases.loginTest_001" name="loginAsUser" time="2.803"/>
  <system-out/>
</testsuite> <!-- com.lazada.testcases.loginTest_001 -->
